<?xml version="1.0" encoding="UTF-8"?>
<testng-results skipped="0" failed="0" ignored="0" total="1" passed="1">
  <reporter-output>
  </reporter-output>
  <suite name="mavenProject" duration-ms="86" started-at="2018-07-04T05:44:41Z" finished-at="2018-07-04T05:44:41Z">
    <groups>
    </groups>
    <test name="first" duration-ms="86" started-at="2018-07-04T05:44:41Z" finished-at="2018-07-04T05:44:41Z">
      <class name="testing.FirstTestCase">
        <test-method status="PASS" signature="function1()[pri:0, instance:testing.FirstTestCase@63e2203c]" name="function1" duration-ms="15" started-at="2018-07-04T05:44:41Z" finished-at="2018-07-04T05:44:41Z">
          <reporter-output>
          </reporter-output>
        </test-method> <!-- function1 -->
      </class> <!-- testing.FirstTestCase -->
    </test> <!-- first -->
  </suite> <!-- mavenProject -->
</testng-results>
